{"D:\\my folder\\final_project\\mobile\\context-mobile\\src\\components\\ui\\Button.tsx": {"path":"D:\\my folder\\final_project\\mobile\\context-mobile\\src\\components\\ui\\Button.tsx","statementMap":{"0":{"start":{"line":14,"column":26},"end":{"line":14,"column":69}},"1":{"start":{"line":28,"column":45},"end":{"line":156,"column":1}},"2":{"start":{"line":39,"column":29},"end":{"line":39,"column":39}},"3":{"start":{"line":40,"column":16},"end":{"line":40,"column":53}},"4":{"start":{"line":42,"column":24},"end":{"line":49,"column":3}},"5":{"start":{"line":43,"column":4},"end":{"line":48,"column":15}},"6":{"start":{"line":51,"column":25},"end":{"line":58,"column":3}},"7":{"start":{"line":52,"column":4},"end":{"line":57,"column":15}},"8":{"start":{"line":60,"column":25},"end":{"line":108,"column":3}},"9":{"start":{"line":61,"column":28},"end":{"line":70,"column":5}},"10":{"start":{"line":72,"column":4},"end":{"line":107,"column":5}},"11":{"start":{"line":74,"column":8},"end":{"line":82,"column":10}},"12":{"start":{"line":84,"column":8},"end":{"line":89,"column":10}},"13":{"start":{"line":91,"column":8},"end":{"line":94,"column":10}},"14":{"start":{"line":96,"column":8},"end":{"line":104,"column":10}},"15":{"start":{"line":106,"column":8},"end":{"line":106,"column":20}},"16":{"start":{"line":110,"column":23},"end":{"line":128,"column":3}},"17":{"start":{"line":111,"column":28},"end":{"line":114,"column":5}},"18":{"start":{"line":116,"column":4},"end":{"line":127,"column":5}},"19":{"start":{"line":118,"column":8},"end":{"line":118,"column":66}},"20":{"start":{"line":120,"column":8},"end":{"line":120,"column":47}},"21":{"start":{"line":122,"column":8},"end":{"line":122,"column":50}},"22":{"start":{"line":124,"column":8},"end":{"line":124,"column":45}},"23":{"start":{"line":126,"column":8},"end":{"line":126,"column":20}},"24":{"start":{"line":130,"column":2},"end":{"line":155,"column":4}}},"fnMap":{"0":{"name":"(anonymous_0)","decl":{"start":{"line":28,"column":45},"end":{"line":28,"column":46}},"loc":{"start":{"line":38,"column":6},"end":{"line":156,"column":1}},"line":38},"1":{"name":"(anonymous_1)","decl":{"start":{"line":42,"column":24},"end":{"line":42,"column":25}},"loc":{"start":{"line":42,"column":30},"end":{"line":49,"column":3}},"line":42},"2":{"name":"(anonymous_2)","decl":{"start":{"line":51,"column":25},"end":{"line":51,"column":26}},"loc":{"start":{"line":51,"column":31},"end":{"line":58,"column":3}},"line":51},"3":{"name":"(anonymous_3)","decl":{"start":{"line":60,"column":25},"end":{"line":60,"column":26}},"loc":{"start":{"line":60,"column":42},"end":{"line":108,"column":3}},"line":60},"4":{"name":"(anonymous_4)","decl":{"start":{"line":110,"column":23},"end":{"line":110,"column":24}},"loc":{"start":{"line":110,"column":40},"end":{"line":128,"column":3}},"line":110}},"branchMap":{"0":{"loc":{"start":{"line":31,"column":2},"end":{"line":31,"column":21}},"type":"default-arg","locations":[{"start":{"line":31,"column":12},"end":{"line":31,"column":21}}],"line":31},"1":{"loc":{"start":{"line":32,"column":2},"end":{"line":32,"column":17}},"type":"default-arg","locations":[{"start":{"line":32,"column":12},"end":{"line":32,"column":17}}],"line":32},"2":{"loc":{"start":{"line":33,"column":2},"end":{"line":33,"column":18}},"type":"default-arg","locations":[{"start":{"line":33,"column":13},"end":{"line":33,"column":18}}],"line":33},"3":{"loc":{"start":{"line":37,"column":2},"end":{"line":37,"column":19}},"type":"default-arg","locations":[{"start":{"line":37,"column":14},"end":{"line":37,"column":19}}],"line":37},"4":{"loc":{"start":{"line":69,"column":10},"end":{"line":69,"column":40}},"type":"binary-expr","locations":[{"start":{"line":69,"column":10},"end":{"line":69,"column":19}},{"start":{"line":69,"column":23},"end":{"line":69,"column":40}}],"line":69},"5":{"loc":{"start":{"line":72,"column":4},"end":{"line":107,"column":5}},"type":"switch","locations":[{"start":{"line":73,"column":6},"end":{"line":82,"column":10}},{"start":{"line":83,"column":6},"end":{"line":89,"column":10}},{"start":{"line":90,"column":6},"end":{"line":94,"column":10}},{"start":{"line":95,"column":6},"end":{"line":104,"column":10}},{"start":{"line":105,"column":6},"end":{"line":106,"column":20}}],"line":72},"6":{"loc":{"start":{"line":116,"column":4},"end":{"line":127,"column":5}},"type":"switch","locations":[{"start":{"line":117,"column":6},"end":{"line":118,"column":66}},{"start":{"line":119,"column":6},"end":{"line":120,"column":47}},{"start":{"line":121,"column":6},"end":{"line":122,"column":50}},{"start":{"line":123,"column":6},"end":{"line":124,"column":45}},{"start":{"line":125,"column":6},"end":{"line":126,"column":20}}],"line":116},"7":{"loc":{"start":{"line":118,"column":33},"end":{"line":118,"column":63}},"type":"cond-expr","locations":[{"start":{"line":118,"column":42},"end":{"line":118,"column":51}},{"start":{"line":118,"column":54},"end":{"line":118,"column":63}}],"line":118},"8":{"loc":{"start":{"line":135,"column":16},"end":{"line":135,"column":35}},"type":"binary-expr","locations":[{"start":{"line":135,"column":16},"end":{"line":135,"column":24}},{"start":{"line":135,"column":28},"end":{"line":135,"column":35}}],"line":135},"9":{"loc":{"start":{"line":138,"column":8},"end":{"line":138,"column":36}},"type":"binary-expr","locations":[{"start":{"line":138,"column":8},"end":{"line":138,"column":16}},{"start":{"line":138,"column":20},"end":{"line":138,"column":36}}],"line":138},"10":{"loc":{"start":{"line":143,"column":7},"end":{"line":153,"column":7}},"type":"cond-expr","locations":[{"start":{"line":144,"column":8},"end":{"line":147,"column":10}},{"start":{"line":149,"column":8},"end":{"line":152,"column":11}}],"line":143},"11":{"loc":{"start":{"line":146,"column":17},"end":{"line":146,"column":84}},"type":"cond-expr","locations":[{"start":{"line":146,"column":42},"end":{"line":146,"column":66}},{"start":{"line":146,"column":70},"end":{"line":146,"column":84}}],"line":146},"12":{"loc":{"start":{"line":146,"column":42},"end":{"line":146,"column":66}},"type":"cond-expr","locations":[{"start":{"line":146,"column":51},"end":{"line":146,"column":57}},{"start":{"line":146,"column":60},"end":{"line":146,"column":66}}],"line":146}},"s":{"0":1,"1":1,"2":3,"3":3,"4":3,"5":0,"6":3,"7":0,"8":3,"9":3,"10":3,"11":3,"12":0,"13":0,"14":0,"15":0,"16":3,"17":2,"18":2,"19":2,"20":0,"21":0,"22":0,"23":0,"24":3},"f":{"0":3,"1":0,"2":0,"3":3,"4":2},"b":{"0":[3],"1":[2],"2":[3],"3":[3],"4":[3,0],"5":[3,0,0,0,0],"6":[2,0,0,0,0],"7":[0,2],"8":[3,3],"9":[3,0],"10":[1,2],"11":[1,0],"12":[0,1]},"_coverageSchema":"1a1c01bbd47fc00a2c39e90264f33305004495a9","hash":"5ebfdf13edea4a19385b0088783edb3f35c97f5e"}
,"D:\\my folder\\final_project\\mobile\\context-mobile\\src\\components\\ui\\Input.tsx": {"path":"D:\\my folder\\final_project\\mobile\\context-mobile\\src\\components\\ui\\Input.tsx","statementMap":{"0":{"start":{"line":25,"column":43},"end":{"line":127,"column":1}},"1":{"start":{"line":34,"column":29},"end":{"line":34,"column":39}},"2":{"start":{"line":35,"column":36},"end":{"line":35,"column":51}},"3":{"start":{"line":36,"column":52},"end":{"line":36,"column":67}},"4":{"start":{"line":37,"column":20},"end":{"line":37,"column":57}},"5":{"start":{"line":39,"column":2},"end":{"line":45,"column":29}},"6":{"start":{"line":40,"column":4},"end":{"line":44,"column":15}},"7":{"start":{"line":47,"column":22},"end":{"line":52,"column":8}},"8":{"start":{"line":54,"column":24},"end":{"line":57,"column":4}},"9":{"start":{"line":59,"column":26},"end":{"line":59,"column":60}},"10":{"start":{"line":61,"column":2},"end":{"line":126,"column":4}},"11":{"start":{"line":86,"column":25},"end":{"line":86,"column":43}},"12":{"start":{"line":87,"column":24},"end":{"line":87,"column":43}},"13":{"start":{"line":103,"column":27},"end":{"line":103,"column":67}}},"fnMap":{"0":{"name":"(anonymous_0)","decl":{"start":{"line":25,"column":43},"end":{"line":25,"column":44}},"loc":{"start":{"line":33,"column":6},"end":{"line":127,"column":1}},"line":33},"1":{"name":"(anonymous_1)","decl":{"start":{"line":39,"column":12},"end":{"line":39,"column":13}},"loc":{"start":{"line":39,"column":18},"end":{"line":45,"column":3}},"line":39},"2":{"name":"(anonymous_2)","decl":{"start":{"line":86,"column":19},"end":{"line":86,"column":20}},"loc":{"start":{"line":86,"column":25},"end":{"line":86,"column":43}},"line":86},"3":{"name":"(anonymous_3)","decl":{"start":{"line":87,"column":18},"end":{"line":87,"column":19}},"loc":{"start":{"line":87,"column":24},"end":{"line":87,"column":43}},"line":87},"4":{"name":"(anonymous_4)","decl":{"start":{"line":103,"column":21},"end":{"line":103,"column":22}},"loc":{"start":{"line":103,"column":27},"end":{"line":103,"column":67}},"line":103}},"branchMap":{"0":{"loc":{"start":{"line":41,"column":15},"end":{"line":41,"column":32}},"type":"cond-expr","locations":[{"start":{"line":41,"column":27},"end":{"line":41,"column":28}},{"start":{"line":41,"column":31},"end":{"line":41,"column":32}}],"line":41},"1":{"loc":{"start":{"line":47,"column":22},"end":{"line":52,"column":8}},"type":"cond-expr","locations":[{"start":{"line":48,"column":6},"end":{"line":48,"column":18}},{"start":{"line":49,"column":6},"end":{"line":52,"column":8}}],"line":47},"2":{"loc":{"start":{"line":63,"column":7},"end":{"line":65,"column":7}},"type":"binary-expr","locations":[{"start":{"line":63,"column":7},"end":{"line":63,"column":12}},{"start":{"line":64,"column":8},"end":{"line":64,"column":77}}],"line":63},"3":{"loc":{"start":{"line":70,"column":27},"end":{"line":70,"column":67}},"type":"cond-expr","locations":[{"start":{"line":70,"column":36},"end":{"line":70,"column":50}},{"start":{"line":70,"column":53},"end":{"line":70,"column":67}}],"line":70},"4":{"loc":{"start":{"line":83,"column":9},"end":{"line":83,"column":72}},"type":"binary-expr","locations":[{"start":{"line":83,"column":9},"end":{"line":83,"column":13}},{"start":{"line":83,"column":17},"end":{"line":83,"column":72}}],"line":83},"5":{"loc":{"start":{"line":98,"column":27},"end":{"line":98,"column":75}},"type":"cond-expr","locations":[{"start":{"line":98,"column":45},"end":{"line":98,"column":63}},{"start":{"line":98,"column":66},"end":{"line":98,"column":75}}],"line":98},"6":{"loc":{"start":{"line":100,"column":9},"end":{"line":112,"column":9}},"type":"binary-expr","locations":[{"start":{"line":100,"column":9},"end":{"line":100,"column":24}},{"start":{"line":101,"column":10},"end":{"line":111,"column":29}}],"line":100},"7":{"loc":{"start":{"line":107,"column":20},"end":{"line":107,"column":73}},"type":"cond-expr","locations":[{"start":{"line":107,"column":40},"end":{"line":107,"column":57}},{"start":{"line":107,"column":60},"end":{"line":107,"column":73}}],"line":107},"8":{"loc":{"start":{"line":114,"column":7},"end":{"line":124,"column":7}},"type":"binary-expr","locations":[{"start":{"line":114,"column":7},"end":{"line":114,"column":12}},{"start":{"line":115,"column":8},"end":{"line":123,"column":15}}],"line":114}},"s":{"0":1,"1":3,"2":3,"3":3,"4":3,"5":3,"6":3,"7":3,"8":3,"9":3,"10":3,"11":0,"12":0,"13":0},"f":{"0":3,"1":3,"2":0,"3":0,"4":0},"b":{"0":[0,3],"1":[1,2],"2":[3,0],"3":[0,3],"4":[3,0],"5":[0,3],"6":[3,0],"7":[0,0],"8":[3,1]},"_coverageSchema":"1a1c01bbd47fc00a2c39e90264f33305004495a9","hash":"db2eaa0a6ed965e9ceac1d09df3555a25ed11212"}
,"D:\\my folder\\final_project\\mobile\\context-mobile\\src\\components\\ui\\SectionLabel.tsx": {"path":"D:\\my folder\\final_project\\mobile\\context-mobile\\src\\components\\ui\\SectionLabel.tsx","statementMap":{"0":{"start":{"line":11,"column":57},"end":{"line":32,"column":1}},"1":{"start":{"line":12,"column":21},"end":{"line":12,"column":31}},"2":{"start":{"line":14,"column":2},"end":{"line":31,"column":4}}},"fnMap":{"0":{"name":"(anonymous_0)","decl":{"start":{"line":11,"column":57},"end":{"line":11,"column":58}},"loc":{"start":{"line":11,"column":94},"end":{"line":32,"column":1}},"line":11}},"branchMap":{"0":{"loc":{"start":{"line":23,"column":17},"end":{"line":23,"column":40}},"type":"binary-expr","locations":[{"start":{"line":23,"column":17},"end":{"line":23,"column":22}},{"start":{"line":23,"column":26},"end":{"line":23,"column":40}}],"line":23}},"s":{"0":1,"1":0,"2":0},"f":{"0":0},"b":{"0":[0,0]},"_coverageSchema":"1a1c01bbd47fc00a2c39e90264f33305004495a9","hash":"0f506df473499f12a217327cf3805959cabc3837"}
,"D:\\my folder\\final_project\\mobile\\context-mobile\\src\\context\\ThemeContext.tsx": {"path":"D:\\my folder\\final_project\\mobile\\context-mobile\\src\\context\\ThemeContext.tsx","statementMap":{"0":{"start":{"line":15,"column":21},"end":{"line":15,"column":75}},"1":{"start":{"line":17,"column":26},"end":{"line":17,"column":46}},"2":{"start":{"line":19,"column":64},"end":{"line":44,"column":1}},"3":{"start":{"line":20,"column":23},"end":{"line":20,"column":39}},"4":{"start":{"line":21,"column":31},"end":{"line":21,"column":60}},"5":{"start":{"line":23,"column":2},"end":{"line":29,"column":9}},"6":{"start":{"line":24,"column":4},"end":{"line":28,"column":7}},"7":{"start":{"line":25,"column":6},"end":{"line":27,"column":7}},"8":{"start":{"line":26,"column":8},"end":{"line":26,"column":29}},"9":{"start":{"line":31,"column":18},"end":{"line":34,"column":3}},"10":{"start":{"line":32,"column":4},"end":{"line":32,"column":26}},"11":{"start":{"line":33,"column":4},"end":{"line":33,"column":53}},"12":{"start":{"line":36,"column":17},"end":{"line":36,"column":78}},"13":{"start":{"line":37,"column":17},"end":{"line":37,"column":80}},"14":{"start":{"line":39,"column":2},"end":{"line":43,"column":4}},"15":{"start":{"line":46,"column":24},"end":{"line":52,"column":1}},"16":{"start":{"line":47,"column":18},"end":{"line":47,"column":42}},"17":{"start":{"line":48,"column":2},"end":{"line":50,"column":3}},"18":{"start":{"line":49,"column":4},"end":{"line":49,"column":68}},"19":{"start":{"line":51,"column":2},"end":{"line":51,"column":17}}},"fnMap":{"0":{"name":"(anonymous_0)","decl":{"start":{"line":19,"column":64},"end":{"line":19,"column":65}},"loc":{"start":{"line":19,"column":82},"end":{"line":44,"column":1}},"line":19},"1":{"name":"(anonymous_1)","decl":{"start":{"line":23,"column":12},"end":{"line":23,"column":13}},"loc":{"start":{"line":23,"column":18},"end":{"line":29,"column":3}},"line":23},"2":{"name":"(anonymous_2)","decl":{"start":{"line":24,"column":49},"end":{"line":24,"column":50}},"loc":{"start":{"line":24,"column":61},"end":{"line":28,"column":5}},"line":24},"3":{"name":"(anonymous_3)","decl":{"start":{"line":31,"column":18},"end":{"line":31,"column":19}},"loc":{"start":{"line":31,"column":42},"end":{"line":34,"column":3}},"line":31},"4":{"name":"(anonymous_4)","decl":{"start":{"line":46,"column":24},"end":{"line":46,"column":25}},"loc":{"start":{"line":46,"column":48},"end":{"line":52,"column":1}},"line":46}},"branchMap":{"0":{"loc":{"start":{"line":25,"column":6},"end":{"line":27,"column":7}},"type":"if","locations":[{"start":{"line":25,"column":6},"end":{"line":27,"column":7}},{"start":{},"end":{}}],"line":25},"1":{"loc":{"start":{"line":25,"column":10},"end":{"line":25,"column":72}},"type":"binary-expr","locations":[{"start":{"line":25,"column":10},"end":{"line":25,"column":28}},{"start":{"line":25,"column":32},"end":{"line":25,"column":49}},{"start":{"line":25,"column":53},"end":{"line":25,"column":72}}],"line":25},"2":{"loc":{"start":{"line":36,"column":17},"end":{"line":36,"column":78}},"type":"cond-expr","locations":[{"start":{"line":36,"column":37},"end":{"line":36,"column":60}},{"start":{"line":36,"column":63},"end":{"line":36,"column":78}}],"line":36},"3":{"loc":{"start":{"line":37,"column":17},"end":{"line":37,"column":80}},"type":"cond-expr","locations":[{"start":{"line":37,"column":27},"end":{"line":37,"column":64}},{"start":{"line":37,"column":68},"end":{"line":37,"column":80}}],"line":37},"4":{"loc":{"start":{"line":48,"column":2},"end":{"line":50,"column":3}},"type":"if","locations":[{"start":{"line":48,"column":2},"end":{"line":50,"column":3}},{"start":{},"end":{}}],"line":48}},"s":{"0":2,"1":2,"2":2,"3":6,"4":6,"5":6,"6":6,"7":6,"8":0,"9":6,"10":0,"11":0,"12":6,"13":6,"14":6,"15":2,"16":6,"17":6,"18":0,"19":6},"f":{"0":6,"1":6,"2":6,"3":0,"4":6},"b":{"0":[0,6],"1":[6,6,6],"2":[6,0],"3":[0,6],"4":[0,6]},"_coverageSchema":"1a1c01bbd47fc00a2c39e90264f33305004495a9","hash":"df4c01189d70b0197698a04a76f4ee33c9f229a0"}
,"D:\\my folder\\final_project\\mobile\\context-mobile\\src\\features\\ai\\api\\aiService.ts": {"path":"D:\\my folder\\final_project\\mobile\\context-mobile\\src\\features\\ai\\api\\aiService.ts","statementMap":{"0":{"start":{"line":3,"column":25},"end":{"line":23,"column":1}},"1":{"start":{"line":5,"column":21},"end":{"line":5,"column":67}},"2":{"start":{"line":6,"column":4},"end":{"line":6,"column":25}},"3":{"start":{"line":10,"column":21},"end":{"line":10,"column":55}},"4":{"start":{"line":11,"column":4},"end":{"line":11,"column":25}},"5":{"start":{"line":15,"column":21},"end":{"line":15,"column":70}},"6":{"start":{"line":16,"column":4},"end":{"line":16,"column":25}},"7":{"start":{"line":20,"column":21},"end":{"line":20,"column":68}},"8":{"start":{"line":21,"column":4},"end":{"line":21,"column":25}}},"fnMap":{"0":{"name":"(anonymous_0)","decl":{"start":{"line":4,"column":27},"end":{"line":4,"column":28}},"loc":{"start":{"line":4,"column":90},"end":{"line":7,"column":3}},"line":4},"1":{"name":"(anonymous_1)","decl":{"start":{"line":9,"column":32},"end":{"line":9,"column":33}},"loc":{"start":{"line":9,"column":44},"end":{"line":12,"column":3}},"line":9},"2":{"name":"(anonymous_2)","decl":{"start":{"line":14,"column":14},"end":{"line":14,"column":15}},"loc":{"start":{"line":14,"column":47},"end":{"line":17,"column":3}},"line":14},"3":{"name":"(anonymous_3)","decl":{"start":{"line":19,"column":24},"end":{"line":19,"column":25}},"loc":{"start":{"line":19,"column":86},"end":{"line":22,"column":3}},"line":19}},"branchMap":{},"s":{"0":1,"1":1,"2":1,"3":1,"4":1,"5":1,"6":1,"7":1,"8":1},"f":{"0":1,"1":1,"2":1,"3":1},"b":{},"_coverageSchema":"1a1c01bbd47fc00a2c39e90264f33305004495a9","hash":"92393c846c9be7de42fb852be9614841ad21146a"}
,"D:\\my folder\\final_project\\mobile\\context-mobile\\src\\features\\auth\\api\\authService.ts": {"path":"D:\\my folder\\final_project\\mobile\\context-mobile\\src\\features\\auth\\api\\authService.ts","statementMap":{"0":{"start":{"line":9,"column":27},"end":{"line":46,"column":1}},"1":{"start":{"line":11,"column":21},"end":{"line":11,"column":77}},"2":{"start":{"line":12,"column":4},"end":{"line":12,"column":25}},"3":{"start":{"line":16,"column":21},"end":{"line":16,"column":77}},"4":{"start":{"line":17,"column":4},"end":{"line":17,"column":25}},"5":{"start":{"line":21,"column":21},"end":{"line":21,"column":71}},"6":{"start":{"line":22,"column":4},"end":{"line":22,"column":25}},"7":{"start":{"line":26,"column":21},"end":{"line":26,"column":93}},"8":{"start":{"line":27,"column":4},"end":{"line":27,"column":25}},"9":{"start":{"line":31,"column":21},"end":{"line":31,"column":52}},"10":{"start":{"line":32,"column":4},"end":{"line":32,"column":25}},"11":{"start":{"line":36,"column":21},"end":{"line":36,"column":64}},"12":{"start":{"line":37,"column":4},"end":{"line":37,"column":25}},"13":{"start":{"line":41,"column":21},"end":{"line":43,"column":6}},"14":{"start":{"line":44,"column":4},"end":{"line":44,"column":25}}},"fnMap":{"0":{"name":"(anonymous_0)","decl":{"start":{"line":10,"column":9},"end":{"line":10,"column":10}},"loc":{"start":{"line":10,"column":72},"end":{"line":13,"column":3}},"line":10},"1":{"name":"(anonymous_1)","decl":{"start":{"line":15,"column":12},"end":{"line":15,"column":13}},"loc":{"start":{"line":15,"column":75},"end":{"line":18,"column":3}},"line":15},"2":{"name":"(anonymous_2)","decl":{"start":{"line":20,"column":18},"end":{"line":20,"column":19}},"loc":{"start":{"line":20,"column":43},"end":{"line":23,"column":3}},"line":20},"3":{"name":"(anonymous_3)","decl":{"start":{"line":25,"column":17},"end":{"line":25,"column":18}},"loc":{"start":{"line":25,"column":63},"end":{"line":28,"column":3}},"line":25},"4":{"name":"(anonymous_4)","decl":{"start":{"line":30,"column":14},"end":{"line":30,"column":15}},"loc":{"start":{"line":30,"column":26},"end":{"line":33,"column":3}},"line":30},"5":{"name":"(anonymous_5)","decl":{"start":{"line":35,"column":17},"end":{"line":35,"column":18}},"loc":{"start":{"line":35,"column":56},"end":{"line":38,"column":3}},"line":35},"6":{"name":"(anonymous_6)","decl":{"start":{"line":40,"column":16},"end":{"line":40,"column":17}},"loc":{"start":{"line":40,"column":46},"end":{"line":45,"column":3}},"line":40}},"branchMap":{},"s":{"0":1,"1":0,"2":0,"3":0,"4":0,"5":0,"6":0,"7":0,"8":0,"9":0,"10":0,"11":0,"12":0,"13":0,"14":0},"f":{"0":0,"1":0,"2":0,"3":0,"4":0,"5":0,"6":0},"b":{},"_coverageSchema":"1a1c01bbd47fc00a2c39e90264f33305004495a9","hash":"aa95f23e2002194f3f2176e44cf437456d27bb51"}
,"D:\\my folder\\final_project\\mobile\\context-mobile\\src\\features\\auth\\store\\authSlice.ts": {"path":"D:\\my folder\\final_project\\mobile\\context-mobile\\src\\features\\auth\\store\\authSlice.ts","statementMap":{"0":{"start":{"line":20,"column":32},"end":{"line":26,"column":1}},"1":{"start":{"line":28,"column":24},"end":{"line":34,"column":1}},"2":{"start":{"line":29,"column":2},"end":{"line":32,"column":3}},"3":{"start":{"line":30,"column":14},"end":{"line":30,"column":85}},"4":{"start":{"line":31,"column":4},"end":{"line":31,"column":76}},"5":{"start":{"line":33,"column":2},"end":{"line":33,"column":18}},"6":{"start":{"line":37,"column":25},"end":{"line":49,"column":1}},"7":{"start":{"line":40,"column":4},"end":{"line":47,"column":5}},"8":{"start":{"line":41,"column":19},"end":{"line":41,"column":55}},"9":{"start":{"line":42,"column":6},"end":{"line":42,"column":47}},"10":{"start":{"line":43,"column":6},"end":{"line":43,"column":45}},"11":{"start":{"line":44,"column":6},"end":{"line":44,"column":18}},"12":{"start":{"line":46,"column":6},"end":{"line":46,"column":69}},"13":{"start":{"line":51,"column":28},"end":{"line":63,"column":1}},"14":{"start":{"line":54,"column":4},"end":{"line":61,"column":5}},"15":{"start":{"line":55,"column":19},"end":{"line":55,"column":55}},"16":{"start":{"line":56,"column":6},"end":{"line":56,"column":47}},"17":{"start":{"line":57,"column":6},"end":{"line":57,"column":45}},"18":{"start":{"line":58,"column":6},"end":{"line":58,"column":18}},"19":{"start":{"line":60,"column":6},"end":{"line":60,"column":76}},"20":{"start":{"line":65,"column":29},"end":{"line":77,"column":1}},"21":{"start":{"line":68,"column":4},"end":{"line":75,"column":5}},"22":{"start":{"line":69,"column":19},"end":{"line":69,"column":60}},"23":{"start":{"line":70,"column":26},"end":{"line":70,"column":35}},"24":{"start":{"line":71,"column":6},"end":{"line":71,"column":47}},"25":{"start":{"line":72,"column":6},"end":{"line":72,"column":25}},"26":{"start":{"line":74,"column":6},"end":{"line":74,"column":81}},"27":{"start":{"line":79,"column":30},"end":{"line":93,"column":1}},"28":{"start":{"line":82,"column":4},"end":{"line":91,"column":5}},"29":{"start":{"line":83,"column":20},"end":{"line":83,"column":50}},"30":{"start":{"line":84,"column":19},"end":{"line":84,"column":58}},"31":{"start":{"line":85,"column":6},"end":{"line":87,"column":7}},"32":{"start":{"line":86,"column":8},"end":{"line":86,"column":31}},"33":{"start":{"line":88,"column":6},"end":{"line":88,"column":18}},"34":{"start":{"line":90,"column":6},"end":{"line":90,"column":58}},"35":{"start":{"line":96,"column":18},"end":{"line":176,"column":2}},"36":{"start":{"line":104,"column":6},"end":{"line":104,"column":39}},"37":{"start":{"line":105,"column":6},"end":{"line":105,"column":41}},"38":{"start":{"line":106,"column":6},"end":{"line":106,"column":35}},"39":{"start":{"line":109,"column":6},"end":{"line":109,"column":24}},"40":{"start":{"line":110,"column":6},"end":{"line":110,"column":25}},"41":{"start":{"line":111,"column":6},"end":{"line":111,"column":36}},"42":{"start":{"line":112,"column":6},"end":{"line":112,"column":28}},"43":{"start":{"line":114,"column":6},"end":{"line":114,"column":31}},"44":{"start":{"line":117,"column":6},"end":{"line":117,"column":25}},"45":{"start":{"line":121,"column":4},"end":{"line":174,"column":9}},"46":{"start":{"line":124,"column":8},"end":{"line":124,"column":33}},"47":{"start":{"line":125,"column":8},"end":{"line":125,"column":27}},"48":{"start":{"line":128,"column":8},"end":{"line":128,"column":35}},"49":{"start":{"line":129,"column":8},"end":{"line":129,"column":43}},"50":{"start":{"line":130,"column":8},"end":{"line":130,"column":41}},"51":{"start":{"line":131,"column":8},"end":{"line":131,"column":37}},"52":{"start":{"line":134,"column":8},"end":{"line":134,"column":32}},"53":{"start":{"line":135,"column":8},"end":{"line":135,"column":47}},"54":{"start":{"line":139,"column":8},"end":{"line":139,"column":33}},"55":{"start":{"line":140,"column":8},"end":{"line":140,"column":27}},"56":{"start":{"line":143,"column":8},"end":{"line":143,"column":35}},"57":{"start":{"line":144,"column":8},"end":{"line":144,"column":43}},"58":{"start":{"line":145,"column":8},"end":{"line":145,"column":41}},"59":{"start":{"line":146,"column":8},"end":{"line":146,"column":37}},"60":{"start":{"line":149,"column":8},"end":{"line":149,"column":32}},"61":{"start":{"line":150,"column":8},"end":{"line":150,"column":47}},"62":{"start":{"line":154,"column":8},"end":{"line":154,"column":33}},"63":{"start":{"line":155,"column":8},"end":{"line":155,"column":27}},"64":{"start":{"line":158,"column":8},"end":{"line":158,"column":35}},"65":{"start":{"line":159,"column":8},"end":{"line":161,"column":9}},"66":{"start":{"line":160,"column":10},"end":{"line":160,"column":60}},"67":{"start":{"line":164,"column":8},"end":{"line":164,"column":32}},"68":{"start":{"line":165,"column":8},"end":{"line":165,"column":47}},"69":{"start":{"line":169,"column":8},"end":{"line":173,"column":9}},"70":{"start":{"line":170,"column":10},"end":{"line":170,"column":43}},"71":{"start":{"line":171,"column":10},"end":{"line":171,"column":45}},"72":{"start":{"line":172,"column":10},"end":{"line":172,"column":39}},"73":{"start":{"line":178,"column":54},"end":{"line":178,"column":71}}},"fnMap":{"0":{"name":"(anonymous_0)","decl":{"start":{"line":28,"column":24},"end":{"line":28,"column":25}},"loc":{"start":{"line":28,"column":70},"end":{"line":34,"column":1}},"line":28},"1":{"name":"(anonymous_1)","decl":{"start":{"line":39,"column":2},"end":{"line":39,"column":3}},"loc":{"start":{"line":39,"column":63},"end":{"line":48,"column":3}},"line":39},"2":{"name":"(anonymous_2)","decl":{"start":{"line":53,"column":2},"end":{"line":53,"column":3}},"loc":{"start":{"line":53,"column":63},"end":{"line":62,"column":3}},"line":53},"3":{"name":"(anonymous_3)","decl":{"start":{"line":67,"column":2},"end":{"line":67,"column":3}},"loc":{"start":{"line":67,"column":62},"end":{"line":76,"column":3}},"line":67},"4":{"name":"(anonymous_4)","decl":{"start":{"line":81,"column":2},"end":{"line":81,"column":3}},"loc":{"start":{"line":81,"column":36},"end":{"line":92,"column":3}},"line":81},"5":{"name":"(anonymous_5)","decl":{"start":{"line":100,"column":20},"end":{"line":100,"column":21}},"loc":{"start":{"line":103,"column":9},"end":{"line":107,"column":5}},"line":103},"6":{"name":"(anonymous_6)","decl":{"start":{"line":108,"column":12},"end":{"line":108,"column":13}},"loc":{"start":{"line":108,"column":23},"end":{"line":115,"column":5}},"line":108},"7":{"name":"(anonymous_7)","decl":{"start":{"line":116,"column":16},"end":{"line":116,"column":17}},"loc":{"start":{"line":116,"column":27},"end":{"line":118,"column":5}},"line":116},"8":{"name":"(anonymous_8)","decl":{"start":{"line":120,"column":17},"end":{"line":120,"column":18}},"loc":{"start":{"line":120,"column":30},"end":{"line":175,"column":3}},"line":120},"9":{"name":"(anonymous_9)","decl":{"start":{"line":123,"column":34},"end":{"line":123,"column":35}},"loc":{"start":{"line":123,"column":45},"end":{"line":126,"column":7}},"line":123},"10":{"name":"(anonymous_10)","decl":{"start":{"line":127,"column":36},"end":{"line":127,"column":37}},"loc":{"start":{"line":127,"column":55},"end":{"line":132,"column":7}},"line":127},"11":{"name":"(anonymous_11)","decl":{"start":{"line":133,"column":35},"end":{"line":133,"column":36}},"loc":{"start":{"line":133,"column":54},"end":{"line":136,"column":7}},"line":133},"12":{"name":"(anonymous_12)","decl":{"start":{"line":138,"column":37},"end":{"line":138,"column":38}},"loc":{"start":{"line":138,"column":48},"end":{"line":141,"column":7}},"line":138},"13":{"name":"(anonymous_13)","decl":{"start":{"line":142,"column":39},"end":{"line":142,"column":40}},"loc":{"start":{"line":142,"column":58},"end":{"line":147,"column":7}},"line":142},"14":{"name":"(anonymous_14)","decl":{"start":{"line":148,"column":38},"end":{"line":148,"column":39}},"loc":{"start":{"line":148,"column":57},"end":{"line":151,"column":7}},"line":148},"15":{"name":"(anonymous_15)","decl":{"start":{"line":153,"column":38},"end":{"line":153,"column":39}},"loc":{"start":{"line":153,"column":49},"end":{"line":156,"column":7}},"line":153},"16":{"name":"(anonymous_16)","decl":{"start":{"line":157,"column":40},"end":{"line":157,"column":41}},"loc":{"start":{"line":157,"column":59},"end":{"line":162,"column":7}},"line":157},"17":{"name":"(anonymous_17)","decl":{"start":{"line":163,"column":39},"end":{"line":163,"column":40}},"loc":{"start":{"line":163,"column":58},"end":{"line":166,"column":7}},"line":163},"18":{"name":"(anonymous_18)","decl":{"start":{"line":168,"column":41},"end":{"line":168,"column":42}},"loc":{"start":{"line":168,"column":60},"end":{"line":174,"column":7}},"line":168}},"branchMap":{"0":{"loc":{"start":{"line":29,"column":2},"end":{"line":32,"column":3}},"type":"if","locations":[{"start":{"line":29,"column":2},"end":{"line":32,"column":3}},{"start":{},"end":{}}],"line":29},"1":{"loc":{"start":{"line":29,"column":6},"end":{"line":29,"column":40}},"type":"binary-expr","locations":[{"start":{"line":29,"column":6},"end":{"line":29,"column":11}},{"start":{"line":29,"column":15},"end":{"line":29,"column":40}}],"line":29},"2":{"loc":{"start":{"line":31,"column":11},"end":{"line":31,"column":75}},"type":"binary-expr","locations":[{"start":{"line":31,"column":11},"end":{"line":31,"column":36}},{"start":{"line":31,"column":40},"end":{"line":31,"column":63}},{"start":{"line":31,"column":67},"end":{"line":31,"column":75}}],"line":31},"3":{"loc":{"start":{"line":85,"column":6},"end":{"line":87,"column":7}},"type":"if","locations":[{"start":{"line":85,"column":6},"end":{"line":87,"column":7}},{"start":{},"end":{}}],"line":85},"4":{"loc":{"start":{"line":85,"column":10},"end":{"line":85,"column":23}},"type":"binary-expr","locations":[{"start":{"line":85,"column":10},"end":{"line":85,"column":15}},{"start":{"line":85,"column":19},"end":{"line":85,"column":23}}],"line":85},"5":{"loc":{"start":{"line":159,"column":8},"end":{"line":161,"column":9}},"type":"if","locations":[{"start":{"line":159,"column":8},"end":{"line":161,"column":9}},{"start":{},"end":{}}],"line":159},"6":{"loc":{"start":{"line":169,"column":8},"end":{"line":173,"column":9}},"type":"if","locations":[{"start":{"line":169,"column":8},"end":{"line":173,"column":9}},{"start":{},"end":{}}],"line":169}},"s":{"0":1,"1":1,"2":0,"3":0,"4":0,"5":0,"6":1,"7":1,"8":1,"9":1,"10":1,"11":1,"12":0,"13":1,"14":0,"15":0,"16":0,"17":0,"18":0,"19":0,"20":1,"21":0,"22":0,"23":0,"24":0,"25":0,"26":0,"27":1,"28":0,"29":0,"30":0,"31":0,"32":0,"33":0,"34":0,"35":1,"36":0,"37":0,"38":0,"39":1,"40":1,"41":1,"42":1,"43":1,"44":1,"45":1,"46":1,"47":1,"48":1,"49":1,"50":1,"51":1,"52":0,"53":0,"54":0,"55":0,"56":0,"57":0,"58":0,"59":0,"60":0,"61":0,"62":0,"63":0,"64":0,"65":0,"66":0,"67":0,"68":0,"69":0,"70":0,"71":0,"72":0,"73":1},"f":{"0":0,"1":1,"2":0,"3":0,"4":0,"5":0,"6":1,"7":1,"8":1,"9":1,"10":1,"11":0,"12":0,"13":0,"14":0,"15":0,"16":0,"17":0,"18":0},"b":{"0":[0,0],"1":[0,0],"2":[0,0,0],"3":[0,0],"4":[0,0],"5":[0,0],"6":[0,0]},"_coverageSchema":"1a1c01bbd47fc00a2c39e90264f33305004495a9","hash":"afa76135a9a6c25602e11fe1e5abc8ac37c81d68"}
,"D:\\my folder\\final_project\\mobile\\context-mobile\\src\\features\\documents\\api\\documentService.ts": {"path":"D:\\my folder\\final_project\\mobile\\context-mobile\\src\\features\\documents\\api\\documentService.ts","statementMap":{"0":{"start":{"line":53,"column":31},"end":{"line":133,"column":1}},"1":{"start":{"line":56,"column":21},"end":{"line":56,"column":60}},"2":{"start":{"line":57,"column":4},"end":{"line":57,"column":25}},"3":{"start":{"line":62,"column":21},"end":{"line":62,"column":54}},"4":{"start":{"line":63,"column":4},"end":{"line":63,"column":25}},"5":{"start":{"line":68,"column":21},"end":{"line":70,"column":6}},"6":{"start":{"line":71,"column":4},"end":{"line":71,"column":25}},"7":{"start":{"line":76,"column":21},"end":{"line":81,"column":6}},"8":{"start":{"line":79,"column":8},"end":{"line":79,"column":72}},"9":{"start":{"line":79,"column":21},"end":{"line":79,"column":72}},"10":{"start":{"line":82,"column":4},"end":{"line":82,"column":25}},"11":{"start":{"line":87,"column":21},"end":{"line":91,"column":6}},"12":{"start":{"line":92,"column":4},"end":{"line":92,"column":25}},"13":{"start":{"line":97,"column":21},"end":{"line":97,"column":63}},"14":{"start":{"line":98,"column":4},"end":{"line":98,"column":25}},"15":{"start":{"line":103,"column":21},"end":{"line":103,"column":57}},"16":{"start":{"line":104,"column":4},"end":{"line":104,"column":25}},"17":{"start":{"line":109,"column":21},"end":{"line":109,"column":75}},"18":{"start":{"line":110,"column":4},"end":{"line":110,"column":25}},"19":{"start":{"line":120,"column":21},"end":{"line":120,"column":64}},"20":{"start":{"line":121,"column":4},"end":{"line":121,"column":25}},"21":{"start":{"line":125,"column":21},"end":{"line":125,"column":65}},"22":{"start":{"line":126,"column":4},"end":{"line":126,"column":25}},"23":{"start":{"line":130,"column":21},"end":{"line":130,"column":91}},"24":{"start":{"line":131,"column":4},"end":{"line":131,"column":25}}},"fnMap":{"0":{"name":"(anonymous_0)","decl":{"start":{"line":55,"column":10},"end":{"line":55,"column":11}},"loc":{"start":{"line":55,"column":77},"end":{"line":58,"column":3}},"line":55},"1":{"name":"(anonymous_1)","decl":{"start":{"line":61,"column":11},"end":{"line":61,"column":12}},"loc":{"start":{"line":61,"column":33},"end":{"line":64,"column":3}},"line":61},"2":{"name":"(anonymous_2)","decl":{"start":{"line":67,"column":10},"end":{"line":67,"column":11}},"loc":{"start":{"line":67,"column":40},"end":{"line":72,"column":3}},"line":67},"3":{"name":"(anonymous_3)","decl":{"start":{"line":75,"column":22},"end":{"line":75,"column":23}},"loc":{"start":{"line":75,"column":87},"end":{"line":83,"column":3}},"line":75},"4":{"name":"(anonymous_4)","decl":{"start":{"line":78,"column":24},"end":{"line":78,"column":25}},"loc":{"start":{"line":78,"column":31},"end":{"line":80,"column":7}},"line":78},"5":{"name":"(anonymous_5)","decl":{"start":{"line":86,"column":14},"end":{"line":86,"column":15}},"loc":{"start":{"line":86,"column":54},"end":{"line":93,"column":3}},"line":86},"6":{"name":"(anonymous_6)","decl":{"start":{"line":96,"column":10},"end":{"line":96,"column":11}},"loc":{"start":{"line":96,"column":102},"end":{"line":99,"column":3}},"line":96},"7":{"name":"(anonymous_7)","decl":{"start":{"line":102,"column":10},"end":{"line":102,"column":11}},"loc":{"start":{"line":102,"column":32},"end":{"line":105,"column":3}},"line":102},"8":{"name":"(anonymous_8)","decl":{"start":{"line":108,"column":14},"end":{"line":108,"column":15}},"loc":{"start":{"line":108,"column":39},"end":{"line":111,"column":3}},"line":108},"9":{"name":"(anonymous_9)","decl":{"start":{"line":119,"column":21},"end":{"line":119,"column":22}},"loc":{"start":{"line":119,"column":97},"end":{"line":122,"column":3}},"line":119},"10":{"name":"(anonymous_10)","decl":{"start":{"line":124,"column":13},"end":{"line":124,"column":14}},"loc":{"start":{"line":124,"column":35},"end":{"line":127,"column":3}},"line":124},"11":{"name":"(anonymous_11)","decl":{"start":{"line":129,"column":13},"end":{"line":129,"column":14}},"loc":{"start":{"line":129,"column":38},"end":{"line":132,"column":3}},"line":129}},"branchMap":{"0":{"loc":{"start":{"line":79,"column":8},"end":{"line":79,"column":72}},"type":"if","locations":[{"start":{"line":79,"column":8},"end":{"line":79,"column":72}},{"start":{},"end":{}}],"line":79},"1":{"loc":{"start":{"line":90,"column":13},"end":{"line":90,"column":31}},"type":"binary-expr","locations":[{"start":{"line":90,"column":13},"end":{"line":90,"column":18}},{"start":{"line":90,"column":22},"end":{"line":90,"column":31}}],"line":90}},"s":{"0":1,"1":1,"2":1,"3":0,"4":0,"5":0,"6":0,"7":0,"8":0,"9":0,"10":0,"11":0,"12":0,"13":0,"14":0,"15":0,"16":0,"17":0,"18":0,"19":0,"20":0,"21":0,"22":0,"23":0,"24":0},"f":{"0":1,"1":0,"2":0,"3":0,"4":0,"5":0,"6":0,"7":0,"8":0,"9":0,"10":0,"11":0},"b":{"0":[0,0],"1":[0,0]},"_coverageSchema":"1a1c01bbd47fc00a2c39e90264f33305004495a9","hash":"0294ad9ecc49e16615278d7a555750b4125d0522"}
,"D:\\my folder\\final_project\\mobile\\context-mobile\\src\\mocks\\handlers.ts": {"path":"D:\\my folder\\final_project\\mobile\\context-mobile\\src\\mocks\\handlers.ts","statementMap":{"0":{"start":{"line":3,"column":24},"end":{"line":84,"column":1}},"1":{"start":{"line":6,"column":4},"end":{"line":14,"column":6}},"2":{"start":{"line":17,"column":4},"end":{"line":25,"column":6}},"3":{"start":{"line":28,"column":4},"end":{"line":33,"column":6}},"4":{"start":{"line":38,"column":4},"end":{"line":48,"column":6}},"5":{"start":{"line":53,"column":4},"end":{"line":58,"column":6}},"6":{"start":{"line":61,"column":4},"end":{"line":66,"column":6}},"7":{"start":{"line":69,"column":4},"end":{"line":74,"column":6}},"8":{"start":{"line":77,"column":4},"end":{"line":82,"column":6}}},"fnMap":{"0":{"name":"(anonymous_0)","decl":{"start":{"line":5,"column":28},"end":{"line":5,"column":29}},"loc":{"start":{"line":5,"column":47},"end":{"line":15,"column":3}},"line":5},"1":{"name":"(anonymous_1)","decl":{"start":{"line":16,"column":31},"end":{"line":16,"column":32}},"loc":{"start":{"line":16,"column":50},"end":{"line":26,"column":3}},"line":16},"2":{"name":"(anonymous_2)","decl":{"start":{"line":27,"column":24},"end":{"line":27,"column":25}},"loc":{"start":{"line":27,"column":43},"end":{"line":34,"column":3}},"line":27},"3":{"name":"(anonymous_3)","decl":{"start":{"line":37,"column":26},"end":{"line":37,"column":27}},"loc":{"start":{"line":37,"column":45},"end":{"line":49,"column":3}},"line":37},"4":{"name":"(anonymous_4)","decl":{"start":{"line":52,"column":36},"end":{"line":52,"column":37}},"loc":{"start":{"line":52,"column":55},"end":{"line":59,"column":3}},"line":52},"5":{"name":"(anonymous_5)","decl":{"start":{"line":60,"column":33},"end":{"line":60,"column":34}},"loc":{"start":{"line":60,"column":52},"end":{"line":67,"column":3}},"line":60},"6":{"name":"(anonymous_6)","decl":{"start":{"line":68,"column":31},"end":{"line":68,"column":32}},"loc":{"start":{"line":68,"column":50},"end":{"line":75,"column":3}},"line":68},"7":{"name":"(anonymous_7)","decl":{"start":{"line":76,"column":33},"end":{"line":76,"column":34}},"loc":{"start":{"line":76,"column":52},"end":{"line":83,"column":3}},"line":76}},"branchMap":{},"s":{"0":5,"1":0,"2":0,"3":0,"4":1,"5":1,"6":1,"7":1,"8":1},"f":{"0":0,"1":0,"2":0,"3":1,"4":1,"5":1,"6":1,"7":1},"b":{},"_coverageSchema":"1a1c01bbd47fc00a2c39e90264f33305004495a9","hash":"37b7eb063161a6db34128250d03431cd3dd48a47"}
,"D:\\my folder\\final_project\\mobile\\context-mobile\\src\\mocks\\server.ts": {"path":"D:\\my folder\\final_project\\mobile\\context-mobile\\src\\mocks\\server.ts","statementMap":{"0":{"start":{"line":4,"column":22},"end":{"line":4,"column":46}}},"fnMap":{},"branchMap":{},"s":{"0":5},"f":{},"b":{},"_coverageSchema":"1a1c01bbd47fc00a2c39e90264f33305004495a9","hash":"20259be2830cae6c22f16c77b7d3f0e10a938194"}
,"D:\\my folder\\final_project\\mobile\\context-mobile\\src\\services\\api.ts": {"path":"D:\\my folder\\final_project\\mobile\\context-mobile\\src\\services\\api.ts","statementMap":{"0":{"start":{"line":4,"column":16},"end":{"line":4,"column":78}},"1":{"start":{"line":6,"column":19},"end":{"line":12,"column":2}},"2":{"start":{"line":15,"column":0},"end":{"line":26,"column":2}},"3":{"start":{"line":17,"column":18},"end":{"line":17,"column":48}},"4":{"start":{"line":18,"column":4},"end":{"line":20,"column":5}},"5":{"start":{"line":19,"column":6},"end":{"line":19,"column":55}},"6":{"start":{"line":21,"column":4},"end":{"line":21,"column":18}},"7":{"start":{"line":24,"column":4},"end":{"line":24,"column":33}},"8":{"start":{"line":31,"column":0},"end":{"line":40,"column":2}},"9":{"start":{"line":32,"column":16},"end":{"line":32,"column":24}},"10":{"start":{"line":34,"column":4},"end":{"line":37,"column":5}},"11":{"start":{"line":36,"column":6},"end":{"line":36,"column":46}},"12":{"start":{"line":38,"column":4},"end":{"line":38,"column":33}}},"fnMap":{"0":{"name":"(anonymous_0)","decl":{"start":{"line":16,"column":2},"end":{"line":16,"column":3}},"loc":{"start":{"line":16,"column":20},"end":{"line":22,"column":3}},"line":16},"1":{"name":"(anonymous_1)","decl":{"start":{"line":23,"column":2},"end":{"line":23,"column":3}},"loc":{"start":{"line":23,"column":13},"end":{"line":25,"column":3}},"line":23},"2":{"name":"(anonymous_2)","decl":{"start":{"line":32,"column":2},"end":{"line":32,"column":3}},"loc":{"start":{"line":32,"column":16},"end":{"line":32,"column":24}},"line":32},"3":{"name":"(anonymous_3)","decl":{"start":{"line":33,"column":2},"end":{"line":33,"column":3}},"loc":{"start":{"line":33,"column":13},"end":{"line":39,"column":3}},"line":33}},"branchMap":{"0":{"loc":{"start":{"line":4,"column":16},"end":{"line":4,"column":78}},"type":"binary-expr","locations":[{"start":{"line":4,"column":16},"end":{"line":4,"column":47}},{"start":{"line":4,"column":51},"end":{"line":4,"column":78}}],"line":4},"1":{"loc":{"start":{"line":18,"column":4},"end":{"line":20,"column":5}},"type":"if","locations":[{"start":{"line":18,"column":4},"end":{"line":20,"column":5}},{"start":{},"end":{}}],"line":18},"2":{"loc":{"start":{"line":18,"column":8},"end":{"line":18,"column":31}},"type":"binary-expr","locations":[{"start":{"line":18,"column":8},"end":{"line":18,"column":13}},{"start":{"line":18,"column":17},"end":{"line":18,"column":31}}],"line":18},"3":{"loc":{"start":{"line":34,"column":4},"end":{"line":37,"column":5}},"type":"if","locations":[{"start":{"line":34,"column":4},"end":{"line":37,"column":5}},{"start":{},"end":{}}],"line":34},"4":{"loc":{"start":{"line":34,"column":8},"end":{"line":34,"column":55}},"type":"binary-expr","locations":[{"start":{"line":34,"column":8},"end":{"line":34,"column":22}},{"start":{"line":34,"column":26},"end":{"line":34,"column":55}}],"line":34}},"s":{"0":3,"1":3,"2":3,"3":5,"4":5,"5":0,"6":5,"7":0,"8":3,"9":5,"10":0,"11":0,"12":0},"f":{"0":5,"1":0,"2":5,"3":0},"b":{"0":[3,3],"1":[0,5],"2":[5,0],"3":[0,0],"4":[0,0]},"_coverageSchema":"1a1c01bbd47fc00a2c39e90264f33305004495a9","hash":"6283c4286ea61711477c814543f27e282026ffa6"}
,"D:\\my folder\\final_project\\mobile\\context-mobile\\src\\services\\secureStorage.ts": {"path":"D:\\my folder\\final_project\\mobile\\context-mobile\\src\\services\\secureStorage.ts","statementMap":{"0":{"start":{"line":3,"column":18},"end":{"line":3,"column":33}},"1":{"start":{"line":4,"column":17},"end":{"line":4,"column":31}},"2":{"start":{"line":6,"column":29},"end":{"line":30,"column":1}},"3":{"start":{"line":8,"column":31},"end":{"line":8,"column":73}},"4":{"start":{"line":9,"column":18},"end":{"line":9,"column":53}},"5":{"start":{"line":10,"column":21},"end":{"line":10,"column":59}},"6":{"start":{"line":13,"column":29},"end":{"line":13,"column":85}},"7":{"start":{"line":15,"column":16},"end":{"line":15,"column":56}},"8":{"start":{"line":16,"column":4},"end":{"line":16,"column":26}},"9":{"start":{"line":16,"column":14},"end":{"line":16,"column":26}},"10":{"start":{"line":17,"column":4},"end":{"line":21,"column":5}},"11":{"start":{"line":18,"column":6},"end":{"line":18,"column":34}},"12":{"start":{"line":20,"column":6},"end":{"line":20,"column":18}},"13":{"start":{"line":23,"column":20},"end":{"line":23,"column":57}},"14":{"start":{"line":27,"column":4},"end":{"line":27,"column":49}},"15":{"start":{"line":28,"column":4},"end":{"line":28,"column":48}}},"fnMap":{"0":{"name":"(anonymous_0)","decl":{"start":{"line":8,"column":12},"end":{"line":8,"column":13}},"loc":{"start":{"line":8,"column":31},"end":{"line":8,"column":73}},"line":8},"1":{"name":"(anonymous_1)","decl":{"start":{"line":9,"column":12},"end":{"line":9,"column":13}},"loc":{"start":{"line":9,"column":18},"end":{"line":9,"column":53}},"line":9},"2":{"name":"(anonymous_2)","decl":{"start":{"line":10,"column":15},"end":{"line":10,"column":16}},"loc":{"start":{"line":10,"column":21},"end":{"line":10,"column":59}},"line":10},"3":{"name":"(anonymous_3)","decl":{"start":{"line":13,"column":11},"end":{"line":13,"column":12}},"loc":{"start":{"line":13,"column":29},"end":{"line":13,"column":85}},"line":13},"4":{"name":"(anonymous_4)","decl":{"start":{"line":14,"column":11},"end":{"line":14,"column":12}},"loc":{"start":{"line":14,"column":55},"end":{"line":22,"column":3}},"line":14},"5":{"name":"(anonymous_5)","decl":{"start":{"line":23,"column":14},"end":{"line":23,"column":15}},"loc":{"start":{"line":23,"column":20},"end":{"line":23,"column":57}},"line":23},"6":{"name":"(anonymous_6)","decl":{"start":{"line":26,"column":12},"end":{"line":26,"column":13}},"loc":{"start":{"line":26,"column":24},"end":{"line":29,"column":3}},"line":26}},"branchMap":{"0":{"loc":{"start":{"line":16,"column":4},"end":{"line":16,"column":26}},"type":"if","locations":[{"start":{"line":16,"column":4},"end":{"line":16,"column":26}},{"start":{},"end":{}}],"line":16}},"s":{"0":4,"1":4,"2":4,"3":1,"4":5,"5":0,"6":1,"7":0,"8":0,"9":0,"10":0,"11":0,"12":0,"13":0,"14":1,"15":1},"f":{"0":1,"1":5,"2":0,"3":1,"4":0,"5":0,"6":1},"b":{"0":[0,0]},"_coverageSchema":"1a1c01bbd47fc00a2c39e90264f33305004495a9","hash":"0aa1b6d90d94cd870747a8d86fab6533aab3f972"}
,"D:\\my folder\\final_project\\mobile\\context-mobile\\src\\theme\\colors.ts": {"path":"D:\\my folder\\final_project\\mobile\\context-mobile\\src\\theme\\colors.ts","statementMap":{"0":{"start":{"line":1,"column":22},"end":{"line":40,"column":10}}},"fnMap":{},"branchMap":{},"s":{"0":2},"f":{},"b":{},"_coverageSchema":"1a1c01bbd47fc00a2c39e90264f33305004495a9","hash":"4fad3609138eceec0c40d45db553926b10e48895"}
,"D:\\my folder\\final_project\\mobile\\context-mobile\\src\\theme\\index.ts": {"path":"D:\\my folder\\final_project\\mobile\\context-mobile\\src\\theme\\index.ts","statementMap":{},"fnMap":{},"branchMap":{},"s":{},"f":{},"b":{},"_coverageSchema":"1a1c01bbd47fc00a2c39e90264f33305004495a9","hash":"85abbed73157aaa98e28f10c6124f448d89567a1"}
,"D:\\my folder\\final_project\\mobile\\context-mobile\\src\\theme\\spacing.ts": {"path":"D:\\my folder\\final_project\\mobile\\context-mobile\\src\\theme\\spacing.ts","statementMap":{"0":{"start":{"line":1,"column":23},"end":{"line":11,"column":10}},"1":{"start":{"line":13,"column":28},"end":{"line":20,"column":10}}},"fnMap":{},"branchMap":{},"s":{"0":2,"1":2},"f":{},"b":{},"_coverageSchema":"1a1c01bbd47fc00a2c39e90264f33305004495a9","hash":"c74590ce0e1df0aebe5b0b12998fc2e1730d381d"}
,"D:\\my folder\\final_project\\mobile\\context-mobile\\src\\theme\\typography.ts": {"path":"D:\\my folder\\final_project\\mobile\\context-mobile\\src\\theme\\typography.ts","statementMap":{"0":{"start":{"line":1,"column":26},"end":{"line":29,"column":10}}},"fnMap":{},"branchMap":{},"s":{"0":2},"f":{},"b":{},"_coverageSchema":"1a1c01bbd47fc00a2c39e90264f33305004495a9","hash":"b7a2c2e8b8d97af598564ea9331c92e82166208a"}
}
