TN:
SF:src\components\ui\Button.tsx
FN:28,(anonymous_0)
FN:42,(anonymous_1)
FN:51,(anonymous_2)
FN:60,(anonymous_3)
FN:110,(anonymous_4)
FNF:5
FNH:3
FNDA:3,(anonymous_0)
FNDA:0,(anonymous_1)
FNDA:0,(anonymous_2)
FNDA:3,(anonymous_3)
FNDA:2,(anonymous_4)
DA:14,1
DA:28,1
DA:39,3
DA:40,3
DA:42,3
DA:43,0
DA:51,3
DA:52,0
DA:60,3
DA:61,3
DA:72,3
DA:74,3
DA:84,0
DA:91,0
DA:96,0
DA:106,0
DA:110,3
DA:111,2
DA:116,2
DA:118,2
DA:120,0
DA:122,0
DA:124,0
DA:126,0
DA:130,3
LF:25
LH:15
BRDA:31,0,0,3
BRDA:32,1,0,2
BRDA:33,2,0,3
BRDA:37,3,0,3
BRDA:69,4,0,3
BRDA:69,4,1,0
BRDA:72,5,0,3
BRDA:72,5,1,0
BRDA:72,5,2,0
BRDA:72,5,3,0
BRDA:72,5,4,0
BRDA:116,6,0,2
BRDA:116,6,1,0
BRDA:116,6,2,0
BRDA:116,6,3,0
BRDA:116,6,4,0
BRDA:118,7,0,0
BRDA:118,7,1,2
BRDA:135,8,0,3
BRDA:135,8,1,3
BRDA:138,9,0,3
BRDA:138,9,1,0
BRDA:143,10,0,1
BRDA:143,10,1,2
BRDA:146,11,0,1
BRDA:146,11,1,0
BRDA:146,12,0,0
BRDA:146,12,1,1
BRF:28
BRH:15
end_of_record
TN:
SF:src\components\ui\Input.tsx
FN:25,(anonymous_0)
FN:39,(anonymous_1)
FN:86,(anonymous_2)
FN:87,(anonymous_3)
FN:103,(anonymous_4)
FNF:5
FNH:2
FNDA:3,(anonymous_0)
FNDA:3,(anonymous_1)
FNDA:0,(anonymous_2)
FNDA:0,(anonymous_3)
FNDA:0,(anonymous_4)
DA:25,1
DA:34,3
DA:35,3
DA:36,3
DA:37,3
DA:39,3
DA:40,3
DA:47,3
DA:54,3
DA:59,3
DA:61,3
DA:86,0
DA:87,0
DA:103,0
LF:14
LH:11
BRDA:41,0,0,0
BRDA:41,0,1,3
BRDA:47,1,0,1
BRDA:47,1,1,2
BRDA:63,2,0,3
BRDA:63,2,1,0
BRDA:70,3,0,0
BRDA:70,3,1,3
BRDA:83,4,0,3
BRDA:83,4,1,0
BRDA:98,5,0,0
BRDA:98,5,1,3
BRDA:100,6,0,3
BRDA:100,6,1,0
BRDA:107,7,0,0
BRDA:107,7,1,0
BRDA:114,8,0,3
BRDA:114,8,1,1
BRF:18
BRH:10
end_of_record
TN:
SF:src\components\ui\SectionLabel.tsx
FN:11,(anonymous_0)
FNF:1
FNH:0
FNDA:0,(anonymous_0)
DA:11,1
DA:12,0
DA:14,0
LF:3
LH:1
BRDA:23,0,0,0
BRDA:23,0,1,0
BRF:2
BRH:0
end_of_record
TN:
SF:src\context\ThemeContext.tsx
FN:19,(anonymous_0)
FN:23,(anonymous_1)
FN:24,(anonymous_2)
FN:31,(anonymous_3)
FN:46,(anonymous_4)
FNF:5
FNH:4
FNDA:6,(anonymous_0)
FNDA:6,(anonymous_1)
FNDA:6,(anonymous_2)
FNDA:0,(anonymous_3)
FNDA:6,(anonymous_4)
DA:15,2
DA:17,2
DA:19,2
DA:20,6
DA:21,6
DA:23,6
DA:24,6
DA:25,6
DA:26,0
DA:31,6
DA:32,0
DA:33,0
DA:36,6
DA:37,6
DA:39,6
DA:46,2
DA:47,6
DA:48,6
DA:49,0
DA:51,6
LF:20
LH:16
BRDA:25,0,0,0
BRDA:25,0,1,6
BRDA:25,1,0,6
BRDA:25,1,1,6
BRDA:25,1,2,6
BRDA:36,2,0,6
BRDA:36,2,1,0
BRDA:37,3,0,0
BRDA:37,3,1,6
BRDA:48,4,0,0
BRDA:48,4,1,6
BRF:11
BRH:7
end_of_record
TN:
SF:src\features\ai\api\aiService.ts
FN:4,(anonymous_0)
FN:9,(anonymous_1)
FN:14,(anonymous_2)
FN:19,(anonymous_3)
FNF:4
FNH:4
FNDA:1,(anonymous_0)
FNDA:1,(anonymous_1)
FNDA:1,(anonymous_2)
FNDA:1,(anonymous_3)
DA:3,1
DA:5,1
DA:6,1
DA:10,1
DA:11,1
DA:15,1
DA:16,1
DA:20,1
DA:21,1
LF:9
LH:9
BRF:0
BRH:0
end_of_record
TN:
SF:src\features\auth\api\authService.ts
FN:10,(anonymous_0)
FN:15,(anonymous_1)
FN:20,(anonymous_2)
FN:25,(anonymous_3)
FN:30,(anonymous_4)
FN:35,(anonymous_5)
FN:40,(anonymous_6)
FNF:7
FNH:0
FNDA:0,(anonymous_0)
FNDA:0,(anonymous_1)
FNDA:0,(anonymous_2)
FNDA:0,(anonymous_3)
FNDA:0,(anonymous_4)
FNDA:0,(anonymous_5)
FNDA:0,(anonymous_6)
DA:9,1
DA:11,0
DA:12,0
DA:16,0
DA:17,0
DA:21,0
DA:22,0
DA:26,0
DA:27,0
DA:31,0
DA:32,0
DA:36,0
DA:37,0
DA:41,0
DA:44,0
LF:15
LH:1
BRF:0
BRH:0
end_of_record
TN:
SF:src\features\auth\store\authSlice.ts
FN:28,(anonymous_0)
FN:39,(anonymous_1)
FN:53,(anonymous_2)
FN:67,(anonymous_3)
FN:81,(anonymous_4)
FN:100,(anonymous_5)
FN:108,(anonymous_6)
FN:116,(anonymous_7)
FN:120,(anonymous_8)
FN:123,(anonymous_9)
FN:127,(anonymous_10)
FN:133,(anonymous_11)
FN:138,(anonymous_12)
FN:142,(anonymous_13)
FN:148,(anonymous_14)
FN:153,(anonymous_15)
FN:157,(anonymous_16)
FN:163,(anonymous_17)
FN:168,(anonymous_18)
FNF:19
FNH:6
FNDA:0,(anonymous_0)
FNDA:1,(anonymous_1)
FNDA:0,(anonymous_2)
FNDA:0,(anonymous_3)
FNDA:0,(anonymous_4)
FNDA:0,(anonymous_5)
FNDA:1,(anonymous_6)
FNDA:1,(anonymous_7)
FNDA:1,(anonymous_8)
FNDA:1,(anonymous_9)
FNDA:1,(anonymous_10)
FNDA:0,(anonymous_11)
FNDA:0,(anonymous_12)
FNDA:0,(anonymous_13)
FNDA:0,(anonymous_14)
FNDA:0,(anonymous_15)
FNDA:0,(anonymous_16)
FNDA:0,(anonymous_17)
FNDA:0,(anonymous_18)
DA:20,1
DA:28,1
DA:29,0
DA:30,0
DA:31,0
DA:33,0
DA:37,1
DA:40,1
DA:41,1
DA:42,1
DA:43,1
DA:44,1
DA:46,0
DA:51,1
DA:54,0
DA:55,0
DA:56,0
DA:57,0
DA:58,0
DA:60,0
DA:65,1
DA:68,0
DA:69,0
DA:70,0
DA:71,0
DA:72,0
DA:74,0
DA:79,1
DA:82,0
DA:83,0
DA:84,0
DA:85,0
DA:86,0
DA:88,0
DA:90,0
DA:96,1
DA:104,0
DA:105,0
DA:106,0
DA:109,1
DA:110,1
DA:111,1
DA:112,1
DA:114,1
DA:117,1
DA:121,1
DA:124,1
DA:125,1
DA:128,1
DA:129,1
DA:130,1
DA:131,1
DA:134,0
DA:135,0
DA:139,0
DA:140,0
DA:143,0
DA:144,0
DA:145,0
DA:146,0
DA:149,0
DA:150,0
DA:154,0
DA:155,0
DA:158,0
DA:159,0
DA:160,0
DA:164,0
DA:165,0
DA:169,0
DA:170,0
DA:171,0
DA:172,0
DA:178,1
LF:74
LH:26
BRDA:29,0,0,0
BRDA:29,0,1,0
BRDA:29,1,0,0
BRDA:29,1,1,0
BRDA:31,2,0,0
BRDA:31,2,1,0
BRDA:31,2,2,0
BRDA:85,3,0,0
BRDA:85,3,1,0
BRDA:85,4,0,0
BRDA:85,4,1,0
BRDA:159,5,0,0
BRDA:159,5,1,0
BRDA:169,6,0,0
BRDA:169,6,1,0
BRF:15
BRH:0
end_of_record
TN:
SF:src\features\documents\api\documentService.ts
FN:55,(anonymous_0)
FN:61,(anonymous_1)
FN:67,(anonymous_2)
FN:75,(anonymous_3)
FN:78,(anonymous_4)
FN:86,(anonymous_5)
FN:96,(anonymous_6)
FN:102,(anonymous_7)
FN:108,(anonymous_8)
FN:119,(anonymous_9)
FN:124,(anonymous_10)
FN:129,(anonymous_11)
FNF:12
FNH:1
FNDA:1,(anonymous_0)
FNDA:0,(anonymous_1)
FNDA:0,(anonymous_2)
FNDA:0,(anonymous_3)
FNDA:0,(anonymous_4)
FNDA:0,(anonymous_5)
FNDA:0,(anonymous_6)
FNDA:0,(anonymous_7)
FNDA:0,(anonymous_8)
FNDA:0,(anonymous_9)
FNDA:0,(anonymous_10)
FNDA:0,(anonymous_11)
DA:53,1
DA:56,1
DA:57,1
DA:62,0
DA:63,0
DA:68,0
DA:71,0
DA:76,0
DA:79,0
DA:82,0
DA:87,0
DA:92,0
DA:97,0
DA:98,0
DA:103,0
DA:104,0
DA:109,0
DA:110,0
DA:120,0
DA:121,0
DA:125,0
DA:126,0
DA:130,0
DA:131,0
LF:24
LH:3
BRDA:79,0,0,0
BRDA:79,0,1,0
BRDA:90,1,0,0
BRDA:90,1,1,0
BRF:4
BRH:0
end_of_record
TN:
SF:src\mocks\handlers.ts
FN:5,(anonymous_0)
FN:16,(anonymous_1)
FN:27,(anonymous_2)
FN:37,(anonymous_3)
FN:52,(anonymous_4)
FN:60,(anonymous_5)
FN:68,(anonymous_6)
FN:76,(anonymous_7)
FNF:8
FNH:5
FNDA:0,(anonymous_0)
FNDA:0,(anonymous_1)
FNDA:0,(anonymous_2)
FNDA:1,(anonymous_3)
FNDA:1,(anonymous_4)
FNDA:1,(anonymous_5)
FNDA:1,(anonymous_6)
FNDA:1,(anonymous_7)
DA:3,5
DA:6,0
DA:17,0
DA:28,0
DA:38,1
DA:53,1
DA:61,1
DA:69,1
DA:77,1
LF:9
LH:6
BRF:0
BRH:0
end_of_record
TN:
SF:src\mocks\server.ts
FNF:0
FNH:0
DA:4,5
LF:1
LH:1
BRF:0
BRH:0
end_of_record
TN:
SF:src\services\api.ts
FN:16,(anonymous_0)
FN:23,(anonymous_1)
FN:32,(anonymous_2)
FN:33,(anonymous_3)
FNF:4
FNH:2
FNDA:5,(anonymous_0)
FNDA:0,(anonymous_1)
FNDA:5,(anonymous_2)
FNDA:0,(anonymous_3)
DA:4,3
DA:6,3
DA:15,3
DA:17,5
DA:18,5
DA:19,0
DA:21,5
DA:24,0
DA:31,3
DA:32,5
DA:34,0
DA:36,0
DA:38,0
LF:13
LH:8
BRDA:4,0,0,3
BRDA:4,0,1,3
BRDA:18,1,0,0
BRDA:18,1,1,5
BRDA:18,2,0,5
BRDA:18,2,1,0
BRDA:34,3,0,0
BRDA:34,3,1,0
BRDA:34,4,0,0
BRDA:34,4,1,0
BRF:10
BRH:4
end_of_record
TN:
SF:src\services\secureStorage.ts
FN:8,(anonymous_0)
FN:9,(anonymous_1)
FN:10,(anonymous_2)
FN:13,(anonymous_3)
FN:14,(anonymous_4)
FN:23,(anonymous_5)
FN:26,(anonymous_6)
FNF:7
FNH:4
FNDA:1,(anonymous_0)
FNDA:5,(anonymous_1)
FNDA:0,(anonymous_2)
FNDA:1,(anonymous_3)
FNDA:0,(anonymous_4)
FNDA:0,(anonymous_5)
FNDA:1,(anonymous_6)
DA:3,4
DA:4,4
DA:6,4
DA:8,1
DA:9,5
DA:10,0
DA:13,1
DA:15,0
DA:16,0
DA:17,0
DA:18,0
DA:20,0
DA:23,0
DA:27,1
DA:28,1
LF:15
LH:8
BRDA:16,0,0,0
BRDA:16,0,1,0
BRF:2
BRH:0
end_of_record
TN:
SF:src\theme\colors.ts
FNF:0
FNH:0
DA:1,2
LF:1
LH:1
BRF:0
BRH:0
end_of_record
TN:
SF:src\theme\index.ts
FNF:0
FNH:0
LF:0
LH:0
BRF:0
BRH:0
end_of_record
TN:
SF:src\theme\spacing.ts
FNF:0
FNH:0
DA:1,2
DA:13,2
LF:2
LH:2
BRF:0
BRH:0
end_of_record
TN:
SF:src\theme\typography.ts
FNF:0
FNH:0
DA:1,2
LF:1
LH:1
BRF:0
BRH:0
end_of_record
